<?xml version="1.0" encoding="UTF-8"?>
<!-- Generated by org.testng.reporters.JUnitReportReporter -->
<testsuite hostname="MR-06" failures="0" tests="2" name="testAppium.teatAppiumTestng.AppiumBasics" time="145.978" errors="0" timestamp="2024-05-08T11:38:44 IST" skipped="1">
  <testcase classname="testAppium.teatAppiumTestng.AppiumBasics" name="appiumTest1" time="145.978"/>
  <testcase classname="testAppium.teatAppiumTestng.AppiumBasics" name="appiumTest">
    <skipped/>
  </testcase> <!-- appiumTest -->
</testsuite> <!-- testAppium.teatAppiumTestng.AppiumBasics -->
